<?xml version="1.0" encoding="UTF-8"?>
<!-- Generated by org.testng.reporters.JUnitReportReporter -->
<testsuite hostname="DESKTOP-OGNOMB7" failures="0" tests="1" name="com.jala.qa.testpages.CreateEmployeeInfoTestPage" time="14.648" errors="0" timestamp="2024-09-11T19:38:22 IST" skipped="0">
  <testcase classname="com.jala.qa.testpages.CreateEmployeeInfoTestPage" name="validateEmployeePage" time="14.648"/>
  <system-out>
    <![CDATA[Url matched]]>
  </system-out>
</testsuite> <!-- com.jala.qa.testpages.CreateEmployeeInfoTestPage -->
