<?xml version="1.0" encoding="UTF-8"?>
<!-- Generated by org.testng.reporters.JUnitReportReporter -->
<testsuite hostname="DESKTOP-OGNOMB7" failures="0" tests="1" name="com.jala.qa.testbase.TestBase" time="0.011" errors="0" timestamp="2024-09-07T19:17:00 IST" skipped="0">
  <testcase classname="com.jala.qa.testbase.TestBase" name="Initialization" time="0.011"/>
  <system-out/>
</testsuite> <!-- com.jala.qa.testbase.TestBase -->
