<?xml version="1.0" encoding="UTF-8"?>
<!-- Generated by org.testng.reporters.JUnitReportReporter -->
<testsuite hostname="DESKTOP-OGNOMB7" failures="0" tests="1" name="com.jala.qa.utility.utilityClass" time="0.982" errors="0" timestamp="2024-09-13T19:29:50 IST" skipped="0">
  <testcase classname="com.jala.qa.utility.utilityClass" name="getExcelData" time="0.982"/>
  <system-out/>
</testsuite> <!-- com.jala.qa.utility.utilityClass -->
