<?xml version="1.0" encoding="UTF-8"?>
<!-- Generated by org.testng.reporters.JUnitReportReporter -->
<testsuite hostname="DESKTOP-OGNOMB7" failures="0" tests="1" name="com.jala.qa.testpages.EmployeeSearchTestPage" time="13.809" errors="0" timestamp="2024-09-11T19:59:50 IST" skipped="0">
  <testcase classname="com.jala.qa.testpages.EmployeeSearchTestPage" name="validateSearchPage" time="13.809"/>
  <system-out/>
</testsuite> <!-- com.jala.qa.testpages.EmployeeSearchTestPage -->
