<?xml version="1.0" encoding="UTF-8"?>
<!-- Generated by org.testng.reporters.JUnitReportReporter -->
<testsuite hostname="DESKTOP-OGNOMB7" failures="0" tests="1" name="com.jala.qa.testpages.LoginTestPage" time="19.057" errors="0" timestamp="2024-09-09T19:21:12 IST" skipped="0">
  <testcase classname="com.jala.qa.testpages.LoginTestPage" name="validatLoginFunctionality" time="19.057"/>
  <system-out>
    <![CDATA[Home title page matched...]]>
  </system-out>
</testsuite> <!-- com.jala.qa.testpages.LoginTestPage -->
