<?xml version="1.0" encoding="UTF-8"?>
<!-- Generated by org.testng.reporters.JUnitReportReporter -->
<testsuite hostname="DESKTOP-OGNOMB7" failures="0" tests="1" name="com.jala.qa.testpages.CreateEmployeeInfoTestPage" time="0.000" errors="0" timestamp="2024-09-13T19:49:01 IST" skipped="1">
  <testcase classname="com.jala.qa.testpages.CreateEmployeeInfoTestPage" name="validateEmployeePage" time="0.000">
    <skipped/>
  </testcase> <!-- validateEmployeePage -->
  <system-out/>
</testsuite> <!-- com.jala.qa.testpages.CreateEmployeeInfoTestPage -->
