<?xml version="1.0" encoding="UTF-8"?>
<!-- Generated by org.testng.reporters.JUnitReportReporter -->
<testsuite hostname="DESKTOP-OGNOMB7" failures="0" tests="2" name="com.jala.qa.testpages.EmployeeSearchTestPage" time="29.637" errors="0" timestamp="2024-09-12T19:26:00 IST" skipped="0">
  <testcase classname="com.jala.qa.testpages.EmployeeSearchTestPage" name="validateSearchPage" time="12.487"/>
  <system-out/>
  <testcase classname="com.jala.qa.testpages.EmployeeSearchTestPage" name="validateWebtableInfo" time="17.150"/>
  <system-out/>
</testsuite> <!-- com.jala.qa.testpages.EmployeeSearchTestPage -->
