<?xml version="1.0" encoding="UTF-8"?>
<!-- Generated by org.testng.reporters.JUnitReportReporter -->
<testsuite hostname="DESKTOP-OGNOMB7" failures="0" tests="1" name="com.jala.qa.testpages.HomeTestPage" time="11.834" errors="0" timestamp="2024-09-10T19:20:02 IST" skipped="0">
  <testcase classname="com.jala.qa.testpages.HomeTestPage" name="clickOncreateTab" time="11.834"/>
  <system-out/>
</testsuite> <!-- com.jala.qa.testpages.HomeTestPage -->
